<?xml version="1.0" encoding="UTF-8"?>
<!-- Generated by org.testng.reporters.JUnitReportReporter -->
<testsuite hostname="DESKTOP-P7PBAID" failures="0" tests="1" name="RunnerScript.LogMessage" time="0.276" errors="0" timestamp="2023-06-27T10:56:53 IST" skipped="0">
  <testcase classname="RunnerScript.LogMessage" name="log1" time="0.276"/>
</testsuite> <!-- RunnerScript.LogMessage -->
