<?xml version="1.0" encoding="UTF-8"?>
<!-- Generated by org.testng.reporters.JUnitReportReporter -->
<testsuite hostname="DESKTOP-P7PBAID" failures="0" tests="1" name="RunnerScript.Log4j_Report" time="0.151" errors="0" timestamp="2023-06-27T10:50:31 IST" skipped="0">
  <testcase classname="RunnerScript.Log4j_Report" name="test2" time="0.151"/>
</testsuite> <!-- RunnerScript.Log4j_Report -->
