<?xml version="1.0" encoding="UTF-8"?>
<!-- Generated by org.testng.reporters.JUnitReportReporter -->
<testsuite hostname="DESKTOP-P7PBAID" failures="0" tests="2" name="Listeners.Dataprovider" time="18.013" errors="0" timestamp="2023-06-30T10:31:05 IST" skipped="0">
  <testcase classname="Listeners.Dataprovider" name="validtest" time="8.167"/>
  <testcase classname="Listeners.Dataprovider" name="validtest" time="9.846"/>
</testsuite> <!-- Listeners.Dataprovider -->
