<?xml version="1.0" encoding="UTF-8"?>
<!-- Generated by org.testng.reporters.JUnitReportReporter -->
<testsuite hostname="DESKTOP-P7PBAID" failures="0" tests="1" name="RunnerScript.TestRunnerExcel" time="15.175" errors="0" timestamp="2023-07-01T12:26:55 IST" skipped="0">
  <testcase classname="RunnerScript.TestRunnerExcel" name="test" time="15.175"/>
</testsuite> <!-- RunnerScript.TestRunnerExcel -->
