<?xml version="1.0" encoding="UTF-8"?>
<!-- Generated by org.testng.reporters.JUnitReportReporter -->
<testsuite hostname="DESKTOP-P7PBAID" failures="0" tests="1" name="RunnerScript.Runner_Script" time="1.918" errors="0" timestamp="2023-06-27T10:40:03 IST" skipped="0">
  <testcase classname="RunnerScript.Runner_Script" name="test1" time="1.918"/>
</testsuite> <!-- RunnerScript.Runner_Script -->
